TN:
SF:src\utils\add.js
FN:1,cov_uwbdau1z3
FNF:1
FNH:1
FNDA:2,cov_uwbdau1z3
DA:1,2
DA:2,2
DA:3,2
DA:4,2
DA:5,2
DA:6,2
DA:7,2
DA:8,2
DA:9,2
DA:10,2
DA:11,2
DA:12,2
DA:13,2
DA:14,2
DA:15,2
DA:16,2
DA:17,2
DA:18,2
LF:18
LH:18
BRDA:1,0,0,2
BRDA:1,1,0,2
BRF:2
BRH:2
end_of_record
TN:
SF:src\utils\capitalize.js
FN:1,cov_1f96v44eli
FNF:1
FNH:1
FNDA:2,cov_1f96v44eli
DA:1,2
DA:2,2
DA:3,2
DA:4,2
DA:5,2
DA:6,2
DA:7,2
DA:8,2
DA:9,2
DA:10,2
DA:11,2
DA:12,2
DA:13,2
DA:14,2
DA:15,2
DA:16,2
DA:17,2
DA:18,2
DA:19,2
DA:20,2
LF:20
LH:20
BRDA:1,0,0,2
BRDA:1,1,0,2
BRF:2
BRH:2
end_of_record
TN:
SF:src\utils\ceil.js
FN:1,cov_1d7e7ej17k
FNF:1
FNH:1
FNDA:2,cov_1d7e7ej17k
DA:1,2
DA:2,2
DA:3,2
DA:4,2
DA:5,2
DA:6,2
DA:7,2
DA:8,2
DA:9,2
DA:10,2
DA:11,2
DA:12,2
DA:13,2
DA:14,2
DA:15,2
DA:16,2
DA:17,2
DA:18,2
DA:19,2
DA:20,2
DA:21,2
DA:22,2
DA:23,2
DA:24,2
LF:24
LH:24
BRDA:1,0,0,2
BRDA:1,1,0,2
BRF:2
BRH:2
end_of_record
TN:
SF:src\utils\compact.js
FN:2,cov_lyq44vilc
FNF:1
FNH:1
FNDA:2,cov_lyq44vilc
DA:1,2
DA:2,2
DA:3,2
DA:4,2
DA:5,2
DA:6,2
DA:7,2
DA:8,2
DA:9,2
DA:10,2
DA:11,2
DA:12,2
DA:13,2
DA:14,2
DA:15,2
DA:16,2
DA:17,2
DA:18,2
DA:19,2
DA:20,2
DA:21,2
DA:22,2
DA:23,2
DA:24,2
DA:25,2
DA:26,2
LF:26
LH:26
BRDA:1,0,0,2
BRDA:2,1,0,2
BRF:2
BRH:2
end_of_record
TN:
SF:src\utils\drop.js
FN:1,cov_1p65wyvpts
FNF:1
FNH:1
FNDA:2,cov_1p65wyvpts
DA:1,2
DA:2,2
DA:3,2
DA:4,2
DA:5,2
DA:6,2
DA:7,2
DA:8,2
DA:9,2
DA:10,2
DA:11,2
DA:12,2
DA:13,2
DA:14,2
DA:15,2
DA:16,2
DA:17,2
DA:18,2
DA:19,2
DA:20,2
DA:21,2
DA:22,2
DA:23,2
DA:24,2
DA:25,2
DA:26,2
DA:27,2
DA:28,2
DA:29,2
DA:30,2
DA:31,2
DA:32,2
DA:33,2
LF:33
LH:33
BRDA:1,0,0,2
BRDA:1,1,0,2
BRF:2
BRH:2
end_of_record
TN:
SF:src\utils\filter.js
FN:2,cov_1nddndu0wc
FNF:1
FNH:1
FNDA:2,cov_1nddndu0wc
DA:1,2
DA:2,2
DA:3,2
DA:4,2
DA:5,2
DA:6,2
DA:7,2
DA:8,2
DA:9,2
DA:10,2
DA:11,2
DA:12,2
DA:13,2
DA:14,2
DA:15,2
DA:16,2
DA:17,2
DA:18,2
DA:19,2
DA:20,2
DA:21,2
DA:22,2
DA:23,2
DA:24,2
DA:25,2
DA:26,2
DA:27,2
DA:28,2
DA:29,2
DA:30,2
DA:31,2
DA:32,2
DA:33,2
DA:34,2
DA:35,2
DA:36,2
DA:37,2
DA:38,2
DA:39,2
LF:39
LH:39
BRDA:1,0,0,2
BRDA:2,1,0,2
BRF:2
BRH:2
end_of_record
TN:
SF:src\utils\isArguments.js
FN:1,cov_2njkvlh2j3
FNF:1
FNH:1
FNDA:2,cov_2njkvlh2j3
DA:1,2
DA:2,2
DA:3,2
DA:4,2
DA:5,2
DA:6,2
DA:7,2
DA:8,2
DA:9,2
DA:10,2
DA:11,2
DA:12,2
DA:13,2
DA:14,2
DA:15,2
DA:16,2
DA:17,2
DA:18,2
DA:19,2
DA:20,2
DA:21,2
DA:22,2
DA:23,2
LF:23
LH:23
BRDA:1,0,0,2
BRDA:1,1,0,2
BRF:2
BRH:2
end_of_record
TN:
SF:src\utils\isArrayLike.js
FN:1,cov_kx1eh9imq
FNF:1
FNH:1
FNDA:2,cov_kx1eh9imq
DA:1,2
DA:2,2
DA:3,2
DA:4,2
DA:5,2
DA:6,2
DA:7,2
DA:8,2
DA:9,2
DA:10,2
DA:11,2
DA:12,2
DA:13,2
DA:14,2
DA:15,2
DA:16,2
DA:17,2
DA:18,2
DA:19,2
DA:20,2
DA:21,2
DA:22,2
DA:23,2
DA:24,2
DA:25,2
DA:26,2
DA:27,2
DA:28,2
DA:29,2
DA:30,2
LF:30
LH:30
BRDA:1,0,0,2
BRDA:1,1,0,2
BRF:2
BRH:2
end_of_record
TN:
SF:src\utils\isBuffer.js
FN:1,cov_1ra8q6uo87
FNF:1
FNH:1
FNDA:2,cov_1ra8q6uo87
DA:1,2
DA:2,2
DA:3,2
DA:4,2
DA:5,2
DA:6,2
DA:7,2
DA:8,2
DA:9,2
DA:10,2
DA:11,2
DA:12,2
DA:13,2
DA:14,2
DA:15,2
DA:16,2
DA:17,2
DA:18,2
DA:19,2
DA:20,2
DA:21,2
DA:22,2
DA:23,2
DA:24,2
DA:25,2
DA:26,2
DA:27,2
DA:28,2
DA:29,2
DA:30,2
DA:31,2
DA:32,2
DA:33,2
DA:34,2
DA:35,2
LF:35
LH:35
BRDA:1,0,0,2
BRDA:1,1,0,2
BRF:2
BRH:2
end_of_record
TN:
SF:src\utils\isLength.js
FN:1,cov_2dyj5dt3y5
FNF:1
FNH:1
FNDA:2,cov_2dyj5dt3y5
DA:1,2
DA:2,2
DA:3,2
DA:4,2
DA:5,2
DA:6,2
DA:7,2
DA:8,2
DA:9,2
DA:10,2
DA:11,2
DA:12,2
DA:13,2
DA:14,2
DA:15,2
DA:16,2
DA:17,2
DA:18,2
DA:19,2
DA:20,2
DA:21,2
DA:22,2
DA:23,2
DA:24,2
DA:25,2
DA:26,2
DA:27,2
DA:28,2
DA:29,2
DA:30,2
DA:31,2
DA:32,2
DA:33,2
LF:33
LH:33
BRDA:1,0,0,2
BRDA:1,1,0,2
BRF:2
BRH:2
end_of_record
TN:
SF:src\utils\isObject.js
FN:2,cov_2awrdr2rxo
FNF:1
FNH:1
FNDA:4,cov_2awrdr2rxo
DA:1,4
DA:2,4
DA:3,4
DA:4,4
DA:5,4
DA:6,4
DA:7,4
DA:8,4
DA:9,4
DA:10,4
DA:11,4
DA:12,4
DA:13,4
DA:14,4
DA:15,4
DA:16,4
DA:17,4
DA:18,4
DA:19,4
DA:20,4
DA:21,4
DA:22,4
DA:23,4
DA:24,4
DA:25,4
DA:26,4
DA:27,4
DA:28,4
DA:29,4
LF:29
LH:29
BRDA:1,0,0,4
BRDA:2,1,0,4
BRF:2
BRH:2
end_of_record
TN:
SF:src\utils\isObjectLike.js
FN:2,cov_2qhpkjcy26
FNF:1
FNH:1
FNDA:2,cov_2qhpkjcy26
DA:1,2
DA:2,2
DA:3,2
DA:4,2
DA:5,2
DA:6,2
DA:7,2
DA:8,2
DA:9,2
DA:10,2
DA:11,2
DA:12,2
DA:13,2
DA:14,2
DA:15,2
DA:16,2
DA:17,2
DA:18,2
DA:19,2
DA:20,2
DA:21,2
DA:22,2
DA:23,2
DA:24,2
DA:25,2
DA:26,2
DA:27,2
LF:27
LH:27
BRDA:1,0,0,2
BRDA:2,1,0,2
BRF:2
BRH:2
end_of_record
TN:
SF:src\utils\isSymbol.js
FN:1,cov_1yqf9k9yer
FNF:1
FNH:1
FNDA:8,cov_1yqf9k9yer
DA:1,8
DA:2,8
DA:3,8
DA:4,8
DA:5,8
DA:6,8
DA:7,8
DA:8,8
DA:9,8
DA:10,8
DA:11,8
DA:12,8
DA:13,8
DA:14,8
DA:15,8
DA:16,8
DA:17,8
DA:18,8
DA:19,8
DA:20,8
DA:21,8
DA:22,8
DA:23,8
LF:23
LH:23
BRDA:1,0,0,8
BRDA:1,1,0,8
BRF:2
BRH:2
end_of_record
TN:
SF:src\utils\isTypedArray.js
FN:1,cov_17enjtsmno
FNF:1
FNH:1
FNDA:2,cov_17enjtsmno
DA:1,2
DA:2,2
DA:3,2
DA:4,2
DA:5,2
DA:6,2
DA:7,2
DA:8,2
DA:9,2
DA:10,2
DA:11,2
DA:12,2
DA:13,2
DA:14,2
DA:15,2
DA:16,2
DA:17,2
DA:18,2
DA:19,2
DA:20,2
DA:21,2
DA:22,2
DA:23,2
DA:24,2
DA:25,2
DA:26,2
DA:27,2
DA:28,2
DA:29,2
DA:30,2
LF:30
LH:30
BRDA:1,0,0,2
BRDA:1,1,0,2
BRF:2
BRH:2
end_of_record
TN:
SF:src\utils\keys.js
FN:1,cov_oz0xf0uxu
FNF:1
FNH:1
FNDA:2,cov_oz0xf0uxu
DA:1,2
DA:2,2
DA:3,2
DA:4,2
DA:5,2
DA:6,2
DA:7,2
DA:8,2
DA:9,2
DA:10,2
DA:11,2
DA:12,2
DA:13,2
DA:14,2
DA:15,2
DA:16,2
DA:17,2
DA:18,2
DA:19,2
DA:20,2
DA:21,2
DA:22,2
DA:23,2
DA:24,2
DA:25,2
DA:26,2
DA:27,2
DA:28,2
DA:29,2
DA:30,2
DA:31,2
DA:32,2
DA:33,2
DA:34,2
DA:35,2
DA:36,2
DA:37,2
LF:37
LH:37
BRDA:1,0,0,2
BRDA:1,1,0,2
BRF:2
BRH:2
end_of_record
TN:
SF:src\utils\map.js
FN:2,cov_p53elv6ck
FNF:1
FNH:1
FNDA:2,cov_p53elv6ck
DA:1,2
DA:2,2
DA:3,2
DA:4,2
DA:5,2
DA:6,2
DA:7,2
DA:8,2
DA:9,2
DA:10,2
DA:11,2
DA:12,2
DA:13,2
DA:14,2
DA:15,2
DA:16,2
DA:17,2
DA:18,2
DA:19,2
DA:20,2
DA:21,2
DA:22,2
DA:23,2
DA:24,2
DA:25,2
DA:26,2
DA:27,2
DA:28,2
DA:29,2
DA:30,2
LF:30
LH:30
BRDA:1,0,0,2
BRDA:2,1,0,2
BRF:2
BRH:2
end_of_record
TN:
SF:src\utils\reduce.js
FN:1,cov_9sm8imwji
FNF:1
FNH:1
FNDA:2,cov_9sm8imwji
DA:1,2
DA:2,2
DA:3,2
DA:4,2
DA:5,2
DA:6,2
DA:7,2
DA:8,2
DA:9,2
DA:10,2
DA:11,2
DA:12,2
DA:13,2
DA:14,2
DA:15,2
DA:16,2
DA:17,2
DA:18,2
DA:19,2
DA:20,2
DA:21,2
DA:22,2
DA:23,2
DA:24,2
DA:25,2
DA:26,2
DA:27,2
DA:28,2
DA:29,2
DA:30,2
DA:31,2
DA:32,2
DA:33,2
DA:34,2
DA:35,2
DA:36,2
DA:37,2
DA:38,2
DA:39,2
DA:40,2
DA:41,2
DA:42,2
DA:43,2
DA:44,2
LF:44
LH:44
BRDA:1,0,0,2
BRDA:1,1,0,2
BRF:2
BRH:2
end_of_record
TN:
SF:src\utils\slice.js
FN:2,cov_yrgqud17s
FNF:1
FNH:1
FNDA:6,cov_yrgqud17s
DA:1,6
DA:2,6
DA:3,6
DA:4,6
DA:5,6
DA:6,6
DA:7,6
DA:8,6
DA:9,6
DA:10,6
DA:11,6
DA:12,6
DA:13,6
DA:14,6
DA:15,6
DA:16,6
DA:17,6
DA:18,6
DA:19,6
DA:20,6
DA:21,6
DA:22,6
DA:23,6
DA:24,6
DA:25,6
DA:26,6
DA:27,6
DA:28,6
DA:29,6
DA:30,6
DA:31,6
DA:32,6
DA:33,6
DA:34,6
DA:35,6
DA:36,6
DA:37,6
DA:38,6
DA:39,6
DA:40,6
DA:41,6
DA:42,6
DA:43,6
DA:44,6
DA:45,6
DA:46,6
LF:46
LH:46
BRDA:1,0,0,6
BRDA:2,1,0,6
BRF:2
BRH:2
end_of_record
TN:
SF:src\utils\toFinite.js
FN:1,cov_alxxkhlxp
FNF:1
FNH:1
FNDA:4,cov_alxxkhlxp
DA:1,4
DA:2,4
DA:3,4
DA:4,4
DA:5,4
DA:6,4
DA:7,4
DA:8,4
DA:9,4
DA:10,4
DA:11,4
DA:12,4
DA:13,4
DA:14,4
DA:15,4
DA:16,4
DA:17,4
DA:18,4
DA:19,4
DA:20,4
DA:21,4
DA:22,4
DA:23,4
DA:24,4
DA:25,4
DA:26,4
DA:27,4
DA:28,4
DA:29,4
DA:30,4
DA:31,4
DA:32,4
DA:33,4
DA:34,4
DA:35,4
DA:36,4
DA:37,4
DA:38,4
DA:39,4
DA:40,4
LF:40
LH:40
BRDA:1,0,0,4
BRDA:1,1,0,4
BRF:2
BRH:2
end_of_record
TN:
SF:src\utils\toInteger.js
FN:1,cov_1uwozrk2v7
FNF:1
FNH:1
FNDA:4,cov_1uwozrk2v7
DA:1,4
DA:2,4
DA:3,4
DA:4,4
DA:5,4
DA:6,4
DA:7,4
DA:8,4
DA:9,4
DA:10,4
DA:11,4
DA:12,4
DA:13,4
DA:14,4
DA:15,4
DA:16,4
DA:17,4
DA:18,4
DA:19,4
DA:20,4
DA:21,4
DA:22,4
DA:23,4
DA:24,4
DA:25,4
DA:26,4
DA:27,4
DA:28,4
DA:29,4
DA:30,4
DA:31,4
DA:32,4
DA:33,4
DA:34,4
DA:35,4
LF:35
LH:35
BRDA:1,0,0,4
BRDA:1,1,0,4
BRF:2
BRH:2
end_of_record
TN:
SF:src\utils\toNumber.js
FN:1,cov_1oiazeboqj
FNF:1
FNH:1
FNDA:4,cov_1oiazeboqj
DA:1,4
DA:2,4
DA:3,4
DA:4,4
DA:5,4
DA:6,4
DA:7,4
DA:8,4
DA:9,4
DA:10,4
DA:11,4
DA:12,4
DA:13,4
DA:14,4
DA:15,4
DA:16,4
DA:17,4
DA:18,4
DA:19,4
DA:20,4
DA:21,4
DA:22,4
DA:23,4
DA:24,4
DA:25,4
DA:26,4
DA:27,4
DA:28,4
DA:29,4
DA:30,4
DA:31,4
DA:32,4
DA:33,4
DA:34,4
DA:35,4
DA:36,4
DA:37,4
DA:38,4
DA:39,4
DA:40,4
DA:41,4
DA:42,4
DA:43,4
DA:44,4
DA:45,4
DA:46,4
DA:47,4
DA:48,4
DA:49,4
DA:50,4
DA:51,4
DA:52,4
DA:53,4
DA:54,4
DA:55,4
DA:56,4
DA:57,4
DA:58,4
DA:59,4
DA:60,4
DA:61,4
DA:62,4
DA:63,4
DA:64,4
DA:65,4
LF:65
LH:65
BRDA:1,0,0,4
BRDA:1,1,0,4
BRF:2
BRH:2
end_of_record
TN:
SF:src\utils\toString.js
FN:1,cov_2056v3ksq
FNF:1
FNH:1
FNDA:2,cov_2056v3ksq
DA:1,2
DA:2,2
DA:3,2
DA:4,2
DA:5,2
DA:6,2
DA:7,2
DA:8,2
DA:9,2
DA:10,2
DA:11,2
DA:12,2
DA:13,2
DA:14,2
DA:15,2
DA:16,2
DA:17,2
DA:18,2
DA:19,2
DA:20,2
DA:21,2
DA:22,2
DA:23,2
DA:24,2
DA:25,2
DA:26,2
DA:27,2
DA:28,2
DA:29,2
DA:30,2
DA:31,2
DA:32,2
DA:33,2
DA:34,2
DA:35,2
DA:36,2
DA:37,2
DA:38,2
DA:39,2
DA:40,2
DA:41,2
DA:42,2
LF:42
LH:42
BRDA:1,0,0,2
BRDA:1,1,0,2
BRF:2
BRH:2
end_of_record
TN:
SF:src\utils\upperFirst.js
FN:1,cov_2043c683vn
FNF:1
FNH:1
FNDA:2,cov_2043c683vn
DA:1,2
DA:2,2
DA:3,2
DA:4,2
DA:5,2
DA:6,2
DA:7,2
DA:8,2
DA:9,2
DA:10,2
DA:11,2
DA:12,2
DA:13,2
DA:14,2
DA:15,2
DA:16,2
DA:17,2
DA:18,2
DA:19,2
DA:20,2
DA:21,2
LF:21
LH:21
BRDA:1,0,0,2
BRDA:1,1,0,2
BRF:2
BRH:2
end_of_record
TN:
SF:src\utils\.internal\arrayLikeKeys.js
FN:17,arrayLikeKeys
FNF:1
FNH:0
FNDA:0,arrayLikeKeys
DA:1,2
DA:2,2
DA:3,2
DA:4,2
DA:5,2
DA:6,2
DA:7,2
DA:8,2
DA:9,2
DA:10,2
DA:11,2
DA:12,2
DA:13,2
DA:14,2
DA:15,2
DA:16,2
DA:17,0
DA:18,0
DA:19,0
DA:20,0
DA:21,0
DA:22,0
DA:23,0
DA:24,0
DA:25,0
DA:26,0
DA:27,0
DA:28,0
DA:29,0
DA:30,0
DA:31,0
DA:32,0
DA:33,0
DA:34,0
DA:35,0
DA:36,0
DA:37,0
DA:38,0
DA:39,0
DA:40,0
DA:41,0
DA:42,2
DA:43,2
LF:43
LH:18
BRDA:1,0,0,2
BRF:1
BRH:1
end_of_record
TN:
SF:src\utils\.internal\arrayReduce.js
FN:12,arrayReduce
FNF:1
FNH:1
FNDA:8,arrayReduce
DA:1,2
DA:2,2
DA:3,2
DA:4,2
DA:5,2
DA:6,2
DA:7,2
DA:8,2
DA:9,2
DA:10,2
DA:11,2
DA:12,8
DA:13,8
DA:14,8
DA:15,8
DA:16,8
DA:17,2
DA:18,2
DA:19,8
DA:20,18
DA:21,18
DA:22,8
DA:23,8
DA:24,2
DA:25,2
LF:25
LH:25
BRDA:1,0,0,2
BRDA:12,1,0,8
BRDA:14,2,0,0
BRDA:16,3,0,2
BRDA:16,4,0,2
BRDA:19,5,0,18
BRF:6
BRH:5
end_of_record
TN:
SF:src\utils\.internal\asciiToArray.js
FN:8,asciiToArray
FNF:1
FNH:0
FNDA:0,asciiToArray
DA:1,2
DA:2,2
DA:3,2
DA:4,2
DA:5,2
DA:6,2
DA:7,2
DA:8,0
DA:9,0
DA:10,0
DA:11,2
DA:12,2
LF:12
LH:9
BRDA:1,0,0,2
BRF:1
BRH:1
end_of_record
TN:
SF:src\utils\.internal\baseEach.js
FN:12,baseEach
FNF:1
FNH:1
FNDA:5,baseEach
DA:1,2
DA:2,2
DA:3,2
DA:4,2
DA:5,2
DA:6,2
DA:7,2
DA:8,2
DA:9,2
DA:10,2
DA:11,2
DA:12,5
DA:13,5
DA:14,0
DA:15,0
DA:16,5
DA:17,5
DA:18,5
DA:19,0
DA:20,0
DA:21,0
DA:22,0
DA:23,0
DA:24,0
DA:25,0
DA:26,0
DA:27,0
DA:28,0
DA:29,5
DA:30,2
DA:31,2
LF:31
LH:19
BRDA:1,0,0,2
BRDA:12,1,0,5
BRDA:13,2,0,0
BRDA:19,3,0,0
BRF:4
BRH:2
end_of_record
TN:
SF:src\utils\.internal\baseFor.js
FN:12,baseFor
FNF:1
FNH:1
FNDA:5,baseFor
DA:1,2
DA:2,2
DA:3,2
DA:4,2
DA:5,2
DA:6,2
DA:7,2
DA:8,2
DA:9,2
DA:10,2
DA:11,2
DA:12,5
DA:13,5
DA:14,5
DA:15,5
DA:16,5
DA:17,5
DA:18,5
DA:19,11
DA:20,11
DA:21,0
DA:22,0
DA:23,11
DA:24,5
DA:25,5
DA:26,2
DA:27,2
LF:27
LH:25
BRDA:1,0,0,2
BRDA:12,1,0,5
BRDA:18,2,0,11
BRDA:20,3,0,0
BRF:4
BRH:3
end_of_record
TN:
SF:src\utils\.internal\baseForOwn.js
FN:12,baseForOwn
FNF:1
FNH:1
FNDA:5,baseForOwn
DA:1,2
DA:2,2
DA:3,2
DA:4,2
DA:5,2
DA:6,2
DA:7,2
DA:8,2
DA:9,2
DA:10,2
DA:11,2
DA:12,5
DA:13,5
DA:14,5
DA:15,2
DA:16,2
LF:16
LH:16
BRDA:1,0,0,2
BRDA:12,1,0,5
BRF:2
BRH:2
end_of_record
TN:
SF:src\utils\.internal\baseReduce.js
FN:14,baseReduce
FNF:1
FNH:1
FNDA:5,baseReduce
DA:1,2
DA:2,2
DA:3,2
DA:4,2
DA:5,2
DA:6,2
DA:7,2
DA:8,2
DA:9,2
DA:10,2
DA:11,2
DA:12,2
DA:13,2
DA:14,5
DA:15,5
DA:16,11
DA:17,11
DA:18,11
DA:19,5
DA:20,5
DA:21,5
DA:22,2
DA:23,2
LF:23
LH:23
BRDA:1,0,0,2
BRDA:14,1,0,5
BRDA:15,2,0,11
BRDA:17,3,0,0
BRF:4
BRH:3
end_of_record
TN:
SF:src\utils\.internal\baseToNumber.js
FN:14,baseToNumber
FNF:1
FNH:1
FNDA:38,baseToNumber
DA:1,2
DA:2,2
DA:3,2
DA:4,2
DA:5,2
DA:6,2
DA:7,2
DA:8,2
DA:9,2
DA:10,2
DA:11,2
DA:12,2
DA:13,2
DA:14,38
DA:15,38
DA:16,29
DA:17,29
DA:18,38
DA:19,0
DA:20,0
DA:21,9
DA:22,38
DA:23,2
DA:24,2
LF:24
LH:22
BRDA:1,0,0,2
BRDA:14,1,0,38
BRDA:15,2,0,29
BRDA:18,3,0,9
BRDA:18,4,0,0
BRDA:21,5,0,9
BRF:6
BRH:5
end_of_record
TN:
SF:src\utils\.internal\baseToString.js
FN:17,baseToString
FNF:1
FNH:1
FNDA:20,baseToString
DA:1,2
DA:2,2
DA:3,2
DA:4,2
DA:5,2
DA:6,2
DA:7,2
DA:8,2
DA:9,2
DA:10,2
DA:11,2
DA:12,2
DA:13,2
DA:14,2
DA:15,2
DA:16,2
DA:17,20
DA:18,20
DA:19,20
DA:20,15
DA:21,15
DA:22,20
DA:23,0
DA:24,0
DA:25,0
DA:26,20
DA:27,0
DA:28,0
DA:29,5
DA:30,20
DA:31,20
DA:32,2
DA:33,2
LF:33
LH:28
BRDA:1,0,0,2
BRDA:17,1,0,20
BRDA:19,2,0,15
BRDA:22,3,0,5
BRDA:22,4,0,0
BRDA:26,5,0,5
BRDA:26,6,0,0
BRDA:29,7,0,5
BRDA:30,8,0,0
BRDA:30,9,0,0
BRDA:30,10,0,5
BRF:11
BRH:7
end_of_record
TN:
SF:src\utils\.internal\castSlice.js
FN:12,castSlice
FNF:1
FNH:0
FNDA:0,castSlice
DA:1,2
DA:2,2
DA:3,2
DA:4,2
DA:5,2
DA:6,2
DA:7,2
DA:8,2
DA:9,2
DA:10,2
DA:11,2
DA:12,0
DA:13,0
DA:14,0
DA:15,0
DA:16,0
DA:17,2
DA:18,2
LF:18
LH:13
BRDA:1,0,0,2
BRF:1
BRH:1
end_of_record
TN:
SF:src\utils\.internal\createCaseFirst.js
FN:12,createCaseFirst
FNF:1
FNH:1
FNDA:2,createCaseFirst
DA:1,2
DA:2,2
DA:3,2
DA:4,2
DA:5,2
DA:6,2
DA:7,2
DA:8,2
DA:9,2
DA:10,2
DA:11,2
DA:12,2
DA:13,2
DA:14,19
DA:15,1
DA:16,1
DA:17,18
DA:18,18
DA:19,19
DA:20,19
DA:21,19
DA:22,19
DA:23,19
DA:24,19
DA:25,19
DA:26,19
DA:27,19
DA:28,19
DA:29,19
DA:30,19
DA:31,19
DA:32,2
DA:33,2
DA:34,2
LF:34
LH:34
BRDA:1,0,0,2
BRDA:12,1,0,2
BRDA:13,2,0,19
BRDA:14,3,0,1
BRDA:17,4,0,18
BRDA:19,5,0,0
BRDA:20,6,0,18
BRDA:23,7,0,0
BRDA:24,8,0,18
BRDA:27,9,0,0
BRDA:28,10,0,18
BRF:11
BRH:8
end_of_record
TN:
SF:src\utils\.internal\createMathOperation.js
FN:12,createMathOperation
FNF:1
FNH:1
FNDA:2,createMathOperation
DA:1,2
DA:2,2
DA:3,2
DA:4,2
DA:5,2
DA:6,2
DA:7,2
DA:8,2
DA:9,2
DA:10,2
DA:11,2
DA:12,2
DA:13,2
DA:14,32
DA:15,0
DA:16,0
DA:17,32
DA:18,2
DA:19,2
DA:20,32
DA:21,1
DA:22,1
DA:23,32
DA:24,10
DA:25,10
DA:26,10
DA:27,19
DA:28,19
DA:29,19
DA:30,19
DA:31,29
DA:32,32
DA:33,2
DA:34,2
DA:35,2
LF:35
LH:33
BRDA:1,0,0,2
BRDA:12,1,0,2
BRDA:13,2,0,32
BRDA:14,3,0,1
BRDA:14,4,0,0
BRDA:17,5,0,31
BRDA:17,6,0,2
BRDA:20,7,0,30
BRDA:20,8,0,1
BRDA:23,9,0,29
BRDA:23,10,0,20
BRDA:23,11,0,10
BRDA:27,12,0,19
BRDA:31,13,0,29
BRF:14
BRH:13
end_of_record
TN:
SF:src\utils\.internal\createRound.js
FN:8,createRound
FNF:1
FNH:1
FNDA:2,createRound
DA:1,2
DA:2,2
DA:3,2
DA:4,2
DA:5,2
DA:6,2
DA:7,2
DA:8,2
DA:9,2
DA:10,2
DA:11,24
DA:12,24
DA:13,10
DA:14,10
DA:15,10
DA:16,10
DA:17,10
DA:18,10
DA:19,10
DA:20,10
DA:21,14
DA:22,24
DA:23,2
DA:24,2
DA:25,2
LF:25
LH:25
BRDA:1,0,0,2
BRDA:8,1,0,2
BRDA:10,2,0,24
BRDA:11,3,0,13
BRDA:11,4,0,11
BRDA:11,5,0,7
BRDA:11,6,0,4
BRDA:12,7,0,10
BRDA:21,8,0,14
BRF:9
BRH:9
end_of_record
TN:
SF:src\utils\.internal\freeGlobal.js
FNF:0
FNH:0
DA:1,2
DA:2,2
DA:3,2
DA:4,2
LF:4
LH:4
BRDA:1,0,0,2
BRF:1
BRH:1
end_of_record
TN:
SF:src\utils\.internal\getTag.js
FN:10,getTag
FNF:1
FNH:1
FNDA:5,getTag
DA:1,10
DA:2,10
DA:3,10
DA:4,10
DA:5,10
DA:6,10
DA:7,10
DA:8,10
DA:9,10
DA:10,5
DA:11,5
DA:12,0
DA:13,0
DA:14,5
DA:15,5
DA:16,10
DA:17,10
LF:17
LH:15
BRDA:1,0,0,10
BRDA:10,1,0,5
BRDA:11,2,0,0
BRF:3
BRH:2
end_of_record
TN:
SF:src\utils\.internal\hasUnicode.js
FN:24,hasUnicode
FNF:1
FNH:1
FNDA:18,hasUnicode
DA:1,2
DA:2,2
DA:3,2
DA:4,2
DA:5,2
DA:6,2
DA:7,2
DA:8,2
DA:9,2
DA:10,2
DA:11,2
DA:12,2
DA:13,2
DA:14,2
DA:15,2
DA:16,2
DA:17,2
DA:18,2
DA:19,2
DA:20,2
DA:21,2
DA:22,2
DA:23,2
DA:24,18
DA:25,18
DA:26,18
DA:27,2
DA:28,2
LF:28
LH:28
BRDA:1,0,0,2
BRDA:24,1,0,18
BRF:2
BRH:2
end_of_record
TN:
SF:src\utils\.internal\isIndex.js
FN:15,isIndex
FNF:1
FNH:0
FNDA:0,isIndex
DA:1,2
DA:2,2
DA:3,2
DA:4,2
DA:5,2
DA:6,2
DA:7,2
DA:8,2
DA:9,2
DA:10,2
DA:11,2
DA:12,2
DA:13,2
DA:14,2
DA:15,0
DA:16,0
DA:17,0
DA:18,0
DA:19,0
DA:20,0
DA:21,0
DA:22,0
DA:23,0
DA:24,2
DA:25,2
LF:25
LH:16
BRDA:1,0,0,2
BRF:1
BRH:1
end_of_record
TN:
SF:src\utils\.internal\nodeTypes.js
FNF:0
FNH:0
DA:1,2
DA:2,2
DA:3,2
DA:4,2
DA:5,2
DA:6,2
DA:7,2
DA:8,2
DA:9,2
DA:10,2
DA:11,2
DA:12,2
DA:13,2
DA:14,2
DA:15,2
DA:16,2
DA:17,2
DA:18,2
DA:19,2
DA:20,2
DA:21,2
DA:22,2
DA:23,2
DA:24,2
DA:25,2
DA:26,2
DA:27,2
DA:28,2
LF:28
LH:28
BRDA:1,0,0,2
BRDA:4,1,0,0
BRDA:4,2,0,0
BRDA:4,3,0,0
BRDA:7,4,0,0
BRDA:7,5,0,0
BRDA:7,6,0,0
BRDA:7,7,0,0
BRDA:10,8,0,0
BRDA:13,9,0,0
BRDA:16,10,0,2
BRDA:20,11,0,0
BRDA:20,12,0,0
BRDA:22,13,0,0
BRDA:24,14,0,0
BRDA:24,15,0,0
BRDA:25,16,0,0
BRF:17
BRH:2
end_of_record
TN:
SF:src\utils\.internal\root.js
FNF:0
FNH:0
DA:1,2
DA:2,2
DA:3,2
DA:4,2
DA:5,2
DA:6,2
DA:7,2
DA:8,2
DA:9,2
DA:10,2
DA:11,2
DA:12,2
DA:13,2
LF:13
LH:13
BRDA:1,0,0,2
BRDA:8,1,0,0
BRDA:8,2,0,0
BRDA:8,3,0,0
BRDA:11,4,0,0
BRDA:11,5,0,0
BRDA:11,6,0,0
BRF:7
BRH:1
end_of_record
TN:
SF:src\utils\.internal\stringToArray.js
FN:12,stringToArray
FNF:1
FNH:0
FNDA:0,stringToArray
DA:1,2
DA:2,2
DA:3,2
DA:4,2
DA:5,2
DA:6,2
DA:7,2
DA:8,2
DA:9,2
DA:10,2
DA:11,2
DA:12,0
DA:13,0
DA:14,0
DA:15,0
DA:16,0
DA:17,2
DA:18,2
LF:18
LH:13
BRDA:1,0,0,2
BRF:1
BRH:1
end_of_record
TN:
SF:src\utils\.internal\unicodeToArray.js
FN:39,unicodeToArray
FNF:1
FNH:0
FNDA:0,unicodeToArray
DA:1,2
DA:2,2
DA:3,2
DA:4,2
DA:5,2
DA:6,2
DA:7,2
DA:8,2
DA:9,2
DA:10,2
DA:11,2
DA:12,2
DA:13,2
DA:14,2
DA:15,2
DA:16,2
DA:17,2
DA:18,2
DA:19,2
DA:20,2
DA:21,2
DA:22,2
DA:23,2
DA:24,2
DA:25,2
DA:26,2
DA:27,2
DA:28,2
DA:29,2
DA:30,2
DA:31,2
DA:32,2
DA:33,2
DA:34,2
DA:35,2
DA:36,2
DA:37,2
DA:38,2
DA:39,0
DA:40,0
DA:41,0
DA:42,2
DA:43,2
LF:43
LH:40
BRDA:1,0,0,2
BRF:1
BRH:1
end_of_record
