TN:
SF:src\utils\add.js
FN:16,(anonymous_0)
FNF:1
FNH:1
FNDA:12,(anonymous_0)
DA:16,12
LF:1
LH:1
BRF:0
BRH:0
end_of_record
TN:
SF:src\utils\at.js
FN:19,(anonymous_0)
FNF:1
FNH:0
FNDA:0,(anonymous_0)
DA:19,0
LF:1
LH:0
BRF:0
BRH:0
end_of_record
TN:
SF:src\utils\camelCase.js
FN:24,(anonymous_0)
FN:25,(anonymous_1)
FNF:2
FNH:0
FNDA:0,(anonymous_0)
FNDA:0,(anonymous_1)
DA:24,0
DA:25,0
DA:26,0
DA:27,0
LF:4
LH:0
BRDA:27,0,0,0
BRDA:27,0,1,0
BRF:2
BRH:0
end_of_record
TN:
SF:src\utils\capitalize.js
FN:17,(anonymous_0)
FNF:1
FNH:1
FNDA:8,(anonymous_0)
DA:17,8
LF:1
LH:1
BRF:0
BRH:0
end_of_record
TN:
SF:src\utils\castArray.js
FN:33,castArray
FNF:1
FNH:0
FNDA:0,castArray
DA:34,0
DA:35,0
LF:2
LH:0
BRDA:35,0,0,0
BRDA:35,0,1,0
BRF:2
BRH:0
end_of_record
TN:
SF:src\utils\ceil.js
FNF:0
FNH:0
DA:22,1
LF:1
LH:1
BRF:0
BRH:0
end_of_record
TN:
SF:src\utils\chunk.js
FN:22,chunk
FNF:1
FNH:0
FNDA:0,chunk
DA:23,0
DA:24,0
DA:25,0
DA:26,0
DA:28,0
DA:29,0
DA:30,0
DA:32,0
DA:33,0
DA:35,0
LF:10
LH:0
BRDA:22,0,0,0
BRDA:24,1,0,0
BRDA:24,1,1,0
BRDA:25,2,0,0
BRDA:25,2,1,0
BRDA:25,3,0,0
BRDA:25,3,1,0
BRF:7
BRH:0
end_of_record
TN:
SF:src\utils\clamp.js
FN:18,clamp
FNF:1
FNH:0
FNDA:0,clamp
DA:19,0
DA:20,0
DA:21,0
DA:22,0
DA:23,0
DA:24,0
DA:25,0
DA:26,0
DA:28,0
LF:9
LH:0
BRDA:22,0,0,0
BRDA:22,0,1,0
BRDA:23,1,0,0
BRDA:23,1,1,0
BRDA:24,2,0,0
BRDA:24,2,1,0
BRDA:25,3,0,0
BRDA:25,3,1,0
BRDA:26,4,0,0
BRDA:26,4,1,0
BRF:10
BRH:0
end_of_record
TN:
SF:src\utils\compact.js
FN:14,compact
FNF:1
FNH:1
FNDA:4,compact
DA:15,4
DA:16,4
DA:18,4
DA:19,19
DA:20,9
DA:23,4
LF:6
LH:6
BRDA:19,0,0,9
BRDA:19,0,1,10
BRF:2
BRH:2
end_of_record
TN:
SF:src\utils\countBy.js
FN:29,countBy
FN:30,(anonymous_1)
FNF:2
FNH:0
FNDA:0,countBy
FNDA:0,(anonymous_1)
DA:5,0
DA:30,0
DA:31,0
DA:32,0
DA:33,0
DA:35,0
DA:37,0
LF:7
LH:0
BRDA:32,0,0,0
BRDA:32,0,1,0
BRF:2
BRH:0
end_of_record
TN:
SF:src\utils\defaultTo.js
FN:19,defaultTo
FNF:1
FNH:0
FNDA:0,defaultTo
DA:20,0
LF:1
LH:0
BRDA:20,0,0,0
BRDA:20,0,1,0
BRF:2
BRH:0
end_of_record
TN:
SF:src\utils\defaultToAny.js
FN:28,defaultToAny
FNF:1
FNH:0
FNDA:0,defaultToAny
DA:29,0
LF:1
LH:0
BRF:0
BRH:0
end_of_record
TN:
SF:src\utils\difference.js
FN:24,difference
FNF:1
FNH:0
FNDA:0,difference
DA:25,0
LF:1
LH:0
BRDA:25,0,0,0
BRDA:25,0,1,0
BRF:2
BRH:0
end_of_record
TN:
SF:src\utils\divide.js
FN:16,(anonymous_0)
FNF:1
FNH:0
FNDA:0,(anonymous_0)
DA:16,0
LF:1
LH:0
BRF:0
BRH:0
end_of_record
TN:
SF:src\utils\drop.js
FN:26,drop
FNF:1
FNH:1
FNDA:8,drop
DA:27,8
DA:28,8
LF:2
LH:2
BRDA:26,0,0,1
BRDA:27,1,0,2
BRDA:27,1,1,6
BRDA:28,2,0,6
BRDA:28,2,1,2
BRDA:29,3,0,1
BRDA:29,3,1,5
BRF:7
BRH:7
end_of_record
TN:
SF:src\utils\endsWith.js
FN:23,endsWith
FNF:1
FNH:0
FNDA:0,endsWith
DA:24,0
DA:25,0
DA:26,0
DA:27,0
DA:29,0
DA:30,0
DA:32,0
DA:33,0
DA:34,0
LF:9
LH:0
BRDA:25,0,0,0
BRDA:25,0,1,0
BRDA:26,1,0,0
BRDA:26,1,1,0
BRDA:26,2,0,0
BRDA:26,2,1,0
BRDA:29,3,0,0
BRDA:29,3,1,0
BRDA:34,4,0,0
BRDA:34,4,1,0
BRF:10
BRH:0
end_of_record
TN:
SF:src\utils\eq.js
FN:31,eq
FNF:1
FNH:0
FNDA:0,eq
DA:32,0
LF:1
LH:0
BRDA:32,0,0,0
BRDA:32,0,1,0
BRDA:32,0,2,0
BRF:3
BRH:0
end_of_record
TN:
SF:src\utils\every.js
FN:22,every
FNF:1
FNH:0
FNDA:0,every
DA:23,0
DA:24,0
DA:26,0
DA:27,0
DA:28,0
DA:31,0
LF:6
LH:0
BRDA:24,0,0,0
BRDA:24,0,1,0
BRDA:27,1,0,0
BRDA:27,1,1,0
BRF:4
BRH:0
end_of_record
TN:
SF:src\utils\filter.js
FN:24,filter
FNF:1
FNH:1
FNDA:5,filter
DA:25,5
DA:26,5
DA:27,5
DA:28,5
DA:30,5
DA:31,7
DA:32,7
DA:33,4
DA:36,5
LF:9
LH:9
BRDA:27,0,0,1
BRDA:27,0,1,4
BRDA:32,1,0,4
BRDA:32,1,1,3
BRF:4
BRH:4
end_of_record
TN:
SF:src\utils\get.js
FN:27,get
FNF:1
FNH:0
FNDA:0,get
DA:28,0
DA:29,0
LF:2
LH:0
BRDA:28,0,0,0
BRDA:28,0,1,0
BRDA:29,1,0,0
BRDA:29,1,1,0
BRF:4
BRH:0
end_of_record
TN:
SF:src\utils\isArguments.js
FN:19,isArguments
FNF:1
FNH:0
FNDA:0,isArguments
DA:20,0
LF:1
LH:0
BRDA:20,0,0,0
BRDA:20,0,1,0
BRF:2
BRH:0
end_of_record
TN:
SF:src\utils\isArrayLike.js
FN:26,isArrayLike
FNF:1
FNH:1
FNDA:4,isArrayLike
DA:27,4
LF:1
LH:1
BRDA:27,0,0,4
BRDA:27,0,1,4
BRDA:27,0,2,4
BRF:3
BRH:3
end_of_record
TN:
SF:src\utils\isArrayLikeObject.js
FN:27,isArrayLikeObject
FNF:1
FNH:0
FNDA:0,isArrayLikeObject
DA:28,0
LF:1
LH:0
BRDA:28,0,0,0
BRDA:28,0,1,0
BRF:2
BRH:0
end_of_record
TN:
SF:src\utils\isBoolean.js
FN:19,isBoolean
FNF:1
FNH:0
FNDA:0,isBoolean
DA:20,0
LF:1
LH:0
BRDA:20,0,0,0
BRDA:20,0,1,0
BRDA:20,0,2,0
BRDA:20,0,3,0
BRF:4
BRH:0
end_of_record
TN:
SF:src\utils\isBuffer.js
FN:33,(anonymous_0)
FNF:1
FNH:0
FNDA:0,(anonymous_0)
DA:4,1
DA:7,1
DA:10,1
DA:13,1
DA:16,1
DA:33,1
LF:6
LH:6
BRDA:4,0,0,1
BRDA:4,0,1,0
BRDA:4,0,2,0
BRDA:4,0,3,0
BRDA:7,1,0,1
BRDA:7,1,1,0
BRDA:7,1,2,0
BRDA:7,1,3,0
BRDA:7,1,4,0
BRDA:10,2,0,1
BRDA:10,2,1,0
BRDA:13,3,0,0
BRDA:13,3,1,1
BRDA:16,4,0,0
BRDA:16,4,1,1
BRDA:33,5,0,1
BRDA:33,5,1,1
BRF:17
BRH:7
end_of_record
TN:
SF:src\utils\isDate.js
FN:24,(anonymous_0)
FN:25,(anonymous_1)
FNF:2
FNH:0
FNDA:0,(anonymous_0)
FNDA:0,(anonymous_1)
DA:6,0
DA:23,0
DA:24,0
DA:25,0
LF:4
LH:0
BRDA:6,0,0,0
BRDA:6,0,1,0
BRDA:23,1,0,0
BRDA:23,1,1,0
BRDA:25,2,0,0
BRDA:25,2,1,0
BRF:6
BRH:0
end_of_record
TN:
SF:src\utils\isEmpty.js
FN:45,isEmpty
FNF:1
FNH:0
FNDA:0,isEmpty
DA:9,0
DA:46,0
DA:47,0
DA:49,0
DA:52,0
DA:54,0
DA:55,0
DA:56,0
DA:58,0
DA:59,0
DA:61,0
DA:62,0
DA:63,0
DA:66,0
LF:14
LH:0
BRDA:46,0,0,0
BRDA:46,0,1,0
BRDA:49,1,0,0
BRDA:49,1,1,0
BRDA:49,2,0,0
BRDA:49,2,1,0
BRDA:49,2,2,0
BRDA:49,2,3,0
BRDA:49,2,4,0
BRDA:49,2,5,0
BRDA:49,2,6,0
BRDA:55,3,0,0
BRDA:55,3,1,0
BRDA:55,4,0,0
BRDA:55,4,1,0
BRDA:58,5,0,0
BRDA:58,5,1,0
BRDA:62,6,0,0
BRDA:62,6,1,0
BRF:19
BRH:0
end_of_record
TN:
SF:src\utils\isLength.js
FN:28,isLength
FNF:1
FNH:1
FNDA:4,isLength
DA:2,1
DA:29,4
LF:2
LH:2
BRDA:29,0,0,4
BRDA:29,0,1,0
BRDA:29,0,2,0
BRDA:29,0,3,0
BRF:4
BRH:1
end_of_record
TN:
SF:src\utils\isObject.js
FN:24,isObject
FNF:1
FNH:1
FNDA:2,isObject
DA:25,2
DA:26,2
LF:2
LH:2
BRDA:26,0,0,2
BRDA:26,0,1,2
BRDA:26,0,2,2
BRF:3
BRH:3
end_of_record
TN:
SF:src\utils\isObjectLike.js
FN:23,isObjectLike
FNF:1
FNH:0
FNDA:0,isObjectLike
DA:24,0
LF:1
LH:0
BRDA:24,0,0,0
BRDA:24,0,1,0
BRF:2
BRH:0
end_of_record
TN:
SF:src\utils\isSymbol.js
FN:18,isSymbol
FNF:1
FNH:1
FNDA:9,isSymbol
DA:19,9
DA:20,9
LF:2
LH:2
BRDA:20,0,0,9
BRDA:20,0,1,9
BRDA:20,0,2,2
BRDA:20,0,3,0
BRF:4
BRH:3
end_of_record
TN:
SF:src\utils\isTypedArray.js
FN:27,(anonymous_0)
FN:28,(anonymous_1)
FNF:2
FNH:0
FNDA:0,(anonymous_0)
FNDA:0,(anonymous_1)
DA:6,1
DA:9,1
DA:26,1
DA:27,0
DA:28,0
LF:5
LH:3
BRDA:9,0,0,1
BRDA:9,0,1,0
BRDA:26,1,0,0
BRDA:26,1,1,1
BRDA:28,2,0,0
BRDA:28,2,1,0
BRF:6
BRH:2
end_of_record
TN:
SF:src\utils\keys.js
FN:31,keys
FNF:1
FNH:1
FNDA:2,keys
DA:32,2
LF:1
LH:1
BRDA:32,0,0,0
BRDA:32,0,1,2
BRF:2
BRH:1
end_of_record
TN:
SF:src\utils\map.js
FN:19,map
FNF:1
FNH:1
FNDA:7,map
DA:20,7
DA:21,7
DA:22,7
DA:24,7
DA:25,11
DA:27,7
LF:6
LH:6
BRDA:21,0,0,2
BRDA:21,0,1,5
BRF:2
BRH:2
end_of_record
TN:
SF:src\utils\memoize.js
FN:43,memoize
FN:47,(anonymous_1)
FNF:2
FNH:0
FNDA:0,memoize
FNDA:0,(anonymous_1)
DA:44,0
DA:45,0
DA:47,0
DA:48,0
DA:49,0
DA:51,0
DA:52,0
DA:54,0
DA:55,0
DA:56,0
DA:58,0
DA:59,0
DA:62,0
LF:13
LH:0
BRDA:44,0,0,0
BRDA:44,0,1,0
BRDA:44,1,0,0
BRDA:44,1,1,0
BRDA:44,1,2,0
BRDA:48,2,0,0
BRDA:48,2,1,0
BRDA:51,3,0,0
BRDA:51,3,1,0
BRDA:55,4,0,0
BRDA:55,4,1,0
BRDA:58,5,0,0
BRDA:58,5,1,0
BRF:13
BRH:0
end_of_record
TN:
SF:src\utils\reduce.js
FN:38,reduce
FNF:1
FNH:1
FNDA:5,reduce
DA:39,5
DA:40,5
DA:41,5
LF:3
LH:3
BRDA:39,0,0,3
BRDA:39,0,1,2
BRF:2
BRH:2
end_of_record
TN:
SF:src\utils\slice.js
FN:21,slice
FNF:1
FNH:1
FNDA:14,slice
DA:22,14
DA:23,14
DA:24,2
DA:26,12
DA:27,12
DA:29,12
DA:30,1
DA:32,12
DA:33,1
DA:35,12
DA:36,12
DA:38,12
DA:39,12
DA:40,12
DA:41,22
DA:43,12
LF:16
LH:16
BRDA:22,0,0,2
BRDA:22,0,1,12
BRDA:23,1,0,2
BRDA:23,1,1,12
BRDA:26,2,0,0
BRDA:26,2,1,12
BRDA:27,3,0,2
BRDA:27,3,1,10
BRDA:29,4,0,1
BRDA:29,4,1,11
BRDA:30,5,0,0
BRDA:30,5,1,1
BRDA:32,6,0,1
BRDA:32,6,1,11
BRDA:35,7,0,2
BRDA:35,7,1,10
BRF:16
BRH:14
end_of_record
TN:
SF:src\utils\toFinite.js
FN:28,toFinite
FNF:1
FNH:1
FNDA:14,toFinite
DA:4,2
DA:5,2
DA:29,14
DA:30,2
DA:32,12
DA:33,12
DA:34,1
DA:35,1
DA:37,11
LF:9
LH:9
BRDA:29,0,0,2
BRDA:29,0,1,12
BRDA:30,1,0,1
BRDA:30,1,1,1
BRDA:33,2,0,1
BRDA:33,2,1,11
BRDA:33,3,0,12
BRDA:33,3,1,11
BRDA:34,4,0,0
BRDA:34,4,1,1
BRDA:37,5,0,11
BRDA:37,5,1,0
BRF:12
BRH:10
end_of_record
TN:
SF:src\utils\toInteger.js
FN:28,toInteger
FNF:1
FNH:1
FNDA:14,toInteger
DA:29,14
DA:30,14
DA:32,14
LF:3
LH:3
BRDA:32,0,0,6
BRDA:32,0,1,8
BRF:2
BRH:2
end_of_record
TN:
SF:src\utils\toNumber.js
FN:44,toNumber
FNF:1
FNH:1
FNDA:12,toNumber
DA:5,2
DA:8,2
DA:11,2
DA:14,2
DA:17,2
DA:20,2
DA:45,12
DA:46,10
DA:48,2
DA:49,0
DA:51,2
DA:52,0
DA:53,0
DA:55,2
DA:56,0
DA:58,2
DA:59,2
DA:60,2
LF:18
LH:14
BRDA:45,0,0,10
BRDA:45,0,1,2
BRDA:48,1,0,0
BRDA:48,1,1,2
BRDA:51,2,0,0
BRDA:51,2,1,2
BRDA:52,3,0,0
BRDA:52,3,1,0
BRDA:53,4,0,0
BRDA:53,4,1,0
BRDA:55,5,0,0
BRDA:55,5,1,2
BRDA:56,6,0,0
BRDA:56,6,1,0
BRDA:60,7,0,0
BRDA:60,7,1,2
BRDA:60,8,0,2
BRDA:60,8,1,2
BRDA:61,9,0,0
BRDA:61,9,1,0
BRDA:62,10,0,0
BRDA:62,10,1,2
BRF:22
BRH:9
end_of_record
TN:
SF:src\utils\toString.js
FN:25,toString
FN:33,(anonymous_1)
FNF:2
FNH:1
FNDA:8,toString
FNDA:0,(anonymous_1)
DA:4,1
DA:28,8
DA:29,4
DA:31,4
DA:33,0
DA:35,4
DA:36,0
DA:38,4
DA:39,4
LF:9
LH:7
BRDA:28,0,0,4
BRDA:28,0,1,4
BRDA:31,1,0,0
BRDA:31,1,1,4
BRDA:33,2,0,0
BRDA:33,2,1,0
BRDA:35,3,0,0
BRDA:35,3,1,4
BRDA:39,4,0,0
BRDA:39,4,1,4
BRDA:39,5,0,4
BRDA:39,5,1,0
BRF:12
BRH:6
end_of_record
TN:
SF:src\utils\upperFirst.js
FNF:0
FNH:0
DA:19,1
LF:1
LH:1
BRF:0
BRH:0
end_of_record
TN:
SF:src\utils\words.js
FN:10,asciiWords
FN:30,words
FNF:2
FNH:0
FNDA:0,asciiWords
FNDA:0,words
DA:3,0
DA:8,0
DA:11,0
DA:31,0
DA:32,0
DA:33,0
DA:35,0
LF:7
LH:0
BRDA:31,0,0,0
BRDA:31,0,1,0
BRDA:32,1,0,0
BRDA:32,1,1,0
BRDA:33,2,0,0
BRDA:33,2,1,0
BRDA:35,3,0,0
BRDA:35,3,1,0
BRF:8
BRH:0
end_of_record
